<?xml version="1.0" encoding="UTF-8"?>
<!-- Generated by org.testng.reporters.JUnitReportReporter -->
<testsuite hostname="LAPTOP-TGFML7JP" failures="0" tests="1" name="Login.MyTestCases" time="1.402" errors="0" timestamp="2025-07-08T12:16:15 EET" skipped="0">
  <testcase classname="Login.MyTestCases" name="signup" time="1.402"/>
</testsuite> <!-- Login.MyTestCases -->
