<?xml version="1.0" encoding="UTF-8"?>
<!-- Generated by org.testng.reporters.JUnitReportReporter -->
<testsuite hostname="LAPTOP-TGFML7JP" failures="0" tests="1" name="Login.MyTestCases" time="8.979" errors="0" timestamp="2025-07-08T19:38:11 EET" skipped="0">
  <testcase classname="Login.MyTestCases" name="signup" time="8.979"/>
</testsuite> <!-- Login.MyTestCases -->
